# JRE version: Java(TM) SE Runtime Environment (8.0_111-b14) (build 1.8.0_111-b14)
# Java VM: Java HotSpot(TM) 64-Bit Server VM (25.111-b14 mixed mode bsd-amd64 compressed oops)
Heap:
 PSYoungGen      total 37888K, used 5349K [0x0000000795580000, 0x0000000798080000, 0x00000007c0000000)
  eden space 32768K, 3% used [0x0000000795580000,0x00000007956b1538,0x0000000797580000)
  from space 5120K, 80% used [0x0000000797600000,0x0000000797a08020,0x0000000797b00000)
  to   space 5632K, 0% used [0x0000000797b00000,0x0000000797b00000,0x0000000798080000)
 ParOldGen       total 87552K, used 504K [0x0000000740000000, 0x0000000745580000, 0x0000000795580000)
  object space 87552K, 0% used [0x0000000740000000,0x000000074007e298,0x0000000745580000)
 Metaspace       used 14591K, capacity 14782K, committed 15104K, reserved 1062912K
  class space    used 1443K, capacity 1509K, committed 1536K, reserved 1048576K
GC Heap History (10 events):
Event: 43.057 GC heap before
{Heap before GC invocations=1 (full 0):
 PSYoungGen      total 38400K, used 33280K [0x0000000795580000, 0x0000000798000000, 0x00000007c0000000)
  eden space 33280K, 100% used [0x0000000795580000,0x0000000797600000,0x0000000797600000)
  from space 5120K, 0% used [0x0000000797b00000,0x0000000797b00000,0x0000000798000000)
  to   space 5120K, 0% used [0x0000000797600000,0x0000000797600000,0x0000000797b00000)
 ParOldGen       total 87552K, used 0K [0x0000000740000000, 0x0000000745580000, 0x0000000795580000)
  object space 87552K, 0% used [0x0000000740000000,0x0000000740000000,0x0000000745580000)
 Metaspace       used 14555K, capacity 14782K, committed 15104K, reserved 1062912K
  class space    used 1438K, capacity 1509K, committed 1536K, reserved 1048576K
Event: 43.063 GC heap after
Heap after GC invocations=1 (full 0):
 PSYoungGen      total 38400K, used 5108K [0x0000000795580000, 0x0000000798000000, 0x00000007c0000000)
  eden space 33280K, 0% used [0x0000000795580000,0x0000000795580000,0x0000000797600000)
  from space 5120K, 99% used [0x0000000797600000,0x0000000797afd140,0x0000000797b00000)
  to   space 5120K, 0% used [0x0000000797b00000,0x0000000797b00000,0x0000000798000000)
 ParOldGen       total 87552K, used 488K [0x0000000740000000, 0x0000000745580000, 0x0000000795580000)
  object space 87552K, 0% used [0x0000000740000000,0x000000074007a298,0x0000000745580000)
 Metaspace       used 14555K, capacity 14782K, committed 15104K, reserved 1062912K
  class space    used 1438K, capacity 1509K, committed 1536K, reserved 1048576K
}
Event: 189.629 GC heap before
{Heap before GC invocations=2 (full 0):
 PSYoungGen      total 38400K, used 38388K [0x0000000795580000, 0x0000000798000000, 0x00000007c0000000)
  eden space 33280K, 100% used [0x0000000795580000,0x0000000797600000,0x0000000797600000)
  from space 5120K, 99% used [0x0000000797600000,0x0000000797afd140,0x0000000797b00000)
  to   space 5120K, 0% used [0x0000000797b00000,0x0000000797b00000,0x0000000798000000)
 ParOldGen       total 87552K, used 488K [0x0000000740000000, 0x0000000745580000, 0x0000000795580000)
  object space 87552K, 0% used [0x0000000740000000,0x000000074007a298,0x0000000745580000)
 Metaspace       used 14570K, capacity 14782K, committed 15104K, reserved 1062912K
  class space    used 1440K, capacity 1509K, committed 1536K, reserved 1048576K
Event: 189.635 GC heap after
Heap after GC invocations=2 (full 0):
 PSYoungGen      total 38400K, used 4035K [0x0000000795580000, 0x0000000798000000, 0x00000007c0000000)
  eden space 33280K, 0% used [0x0000000795580000,0x0000000795580000,0x0000000797600000)
  from space 5120K, 78% used [0x0000000797b00000,0x0000000797ef0d58,0x0000000798000000)
  to   space 5120K, 0% used [0x0000000797600000,0x0000000797600000,0x0000000797b00000)
 ParOldGen       total 87552K, used 496K [0x0000000740000000, 0x0000000745580000, 0x0000000795580000)
  object space 87552K, 0% used [0x0000000740000000,0x000000074007c298,0x0000000745580000)
 Metaspace       used 14570K, capacity 14782K, committed 15104K, reserved 1062912K
  class space    used 1440K, capacity 1509K, committed 1536K, reserved 1048576K
}
Event: 346.173 GC heap before
{Heap before GC invocations=3 (full 0):
 PSYoungGen      total 38400K, used 37315K [0x0000000795580000, 0x0000000798000000, 0x00000007c0000000)
  eden space 33280K, 100% used [0x0000000795580000,0x0000000797600000,0x0000000797600000)
  from space 5120K, 78% used [0x0000000797b00000,0x0000000797ef0d58,0x0000000798000000)
  to   space 5120K, 0% used [0x0000000797600000,0x0000000797600000,0x0000000797b00000)
 ParOldGen       total 87552K, used 496K [0x0000000740000000, 0x0000000745580000, 0x0000000795580000)
  object space 87552K, 0% used [0x0000000740000000,0x000000074007c298,0x0000000745580000)
 Metaspace       used 14570K, capacity 14782K, committed 15104K, reserved 1062912K
  class space    used 1440K, capacity 1509K, committed 1536K, reserved 1048576K
Event: 346.178 GC heap after
Heap after GC invocations=3 (full 0):
 PSYoungGen      total 38400K, used 4064K [0x0000000795580000, 0x0000000798000000, 0x00000007c0000000)
  eden space 33280K, 0% used [0x0000000795580000,0x0000000795580000,0x0000000797600000)
  from space 5120K, 79% used [0x0000000797600000,0x00000007979f8020,0x0000000797b00000)
  to   space 5120K, 0% used [0x0000000797b00000,0x0000000797b00000,0x0000000798000000)
 ParOldGen       total 87552K, used 496K [0x0000000740000000, 0x0000000745580000, 0x0000000795580000)
  object space 87552K, 0% used [0x0000000740000000,0x000000074007c298,0x0000000745580000)
 Metaspace       used 14570K, capacity 14782K, committed 15104K, reserved 1062912K
  class space    used 1440K, capacity 1509K, committed 1536K, reserved 1048576K
}
Event: 504.648 GC heap before
{Heap before GC invocations=4 (full 0):
 PSYoungGen      total 38400K, used 37344K [0x0000000795580000, 0x0000000798000000, 0x00000007c0000000)
  eden space 33280K, 100% used [0x0000000795580000,0x0000000797600000,0x0000000797600000)
  from space 5120K, 79% used [0x0000000797600000,0x00000007979f8020,0x0000000797b00000)
  to   space 5120K, 0% used [0x0000000797b00000,0x0000000797b00000,0x0000000798000000)
 ParOldGen       total 87552K, used 496K [0x0000000740000000, 0x0000000745580000, 0x0000000795580000)
  object space 87552K, 0% used [0x0000000740000000,0x000000074007c298,0x0000000745580000)
 Metaspace       used 14570K, capacity 14782K, committed 15104K, reserved 1062912K
  class space    used 1440K, capacity 1509K, committed 1536K, reserved 1048576K
Event: 504.653 GC heap after
Heap after GC invocations=4 (full 0):
 PSYoungGen      total 38400K, used 4064K [0x0000000795580000, 0x0000000798000000, 0x00000007c0000000)
  eden space 33280K, 0% used [0x0000000795580000,0x0000000795580000,0x0000000797600000)
  from space 5120K, 79% used [0x0000000797b00000,0x0000000797ef8020,0x0000000798000000)
  to   space 5120K, 0% used [0x0000000797600000,0x0000000797600000,0x0000000797b00000)
 ParOldGen       total 87552K, used 496K [0x0000000740000000, 0x0000000745580000, 0x0000000795580000)
  object space 87552K, 0% used [0x0000000740000000,0x000000074007c298,0x0000000745580000)
 Metaspace       used 14570K, capacity 14782K, committed 15104K, reserved 1062912K
  class space    used 1440K, capacity 1509K, committed 1536K, reserved 1048576K
}
Event: 659.477 GC heap before
{Heap before GC invocations=5 (full 0):
 PSYoungGen      total 38400K, used 37344K [0x0000000795580000, 0x0000000798000000, 0x00000007c0000000)
  eden space 33280K, 100% used [0x0000000795580000,0x0000000797600000,0x0000000797600000)
  from space 5120K, 79% used [0x0000000797b00000,0x0000000797ef8020,0x0000000798000000)
  to   space 5120K, 0% used [0x0000000797600000,0x0000000797600000,0x0000000797b00000)
 ParOldGen       total 87552K, used 496K [0x0000000740000000, 0x0000000745580000, 0x0000000795580000)
  object space 87552K, 0% used [0x0000000740000000,0x000000074007c298,0x0000000745580000)
 Metaspace       used 14591K, capacity 14782K, committed 15104K, reserved 1062912K
  class space    used 1443K, capacity 1509K, committed 1536K, reserved 1048576K
Event: 659.483 GC heap after
Heap after GC invocations=5 (full 0):
 PSYoungGen      total 37888K, used 4128K [0x0000000795580000, 0x0000000798080000, 0x00000007c0000000)
  eden space 32768K, 0% used [0x0000000795580000,0x0000000795580000,0x0000000797580000)
  from space 5120K, 80% used [0x0000000797600000,0x0000000797a08020,0x0000000797b00000)
  to   space 5632K, 0% used [0x0000000797b00000,0x0000000797b00000,0x0000000798080000)
 ParOldGen       total 87552K, used 504K [0x0000000740000000, 0x0000000745580000, 0x0000000795580000)
  object space 87552K, 0% used [0x0000000740000000,0x000000074007e298,0x0000000745580000)
 Metaspace       used 14591K, capacity 14782K, committed 15104K, reserved 1062912K
  class space    used 1443K, capacity 1509K, committed 1536K, reserved 1048576K
}

